<?xml version="1.0" encoding="UTF-8"?>
<testng-results ignored="0" total="2" passed="2" failed="0" skipped="0">
  <reporter-output>
  </reporter-output>
  <suite started-at="2025-05-12T17:26:06 IST" name="MasterSuite" finished-at="2025-05-12T17:26:17 IST" duration-ms="10240">
    <groups>
    </groups>
    <test started-at="2025-05-12T17:26:06 IST" name="Test" finished-at="2025-05-12T17:26:17 IST" duration-ms="10240">
      <class name="testCases.TC002_LoginTest">
        <test-method is-config="true" signature="setup(java.lang.String,java.lang.String)[pri:0, instance:testCases.TC002_LoginTest@1608bcbd]" started-at="2025-05-12T17:26:13 IST" name="setup" finished-at="2025-05-12T17:26:15 IST" duration-ms="2248" status="PASS">
          <params>
            <param index="0">
              <value>
                <![CDATA[windows]]>
              </value>
            </param>
            <param index="1">
              <value>
                <![CDATA[chrome]]>
              </value>
            </param>
          </params>
          <reporter-output>
          </reporter-output>
        </test-method> <!-- setup -->
        <test-method signature="verify_login()[pri:0, instance:testCases.TC002_LoginTest@1608bcbd]" started-at="2025-05-12T17:26:15 IST" name="verify_login" finished-at="2025-05-12T17:26:16 IST" duration-ms="1399" status="PASS">
          <reporter-output>
          </reporter-output>
        </test-method> <!-- verify_login -->
        <test-method is-config="true" signature="tearDown()[pri:0, instance:testCases.TC002_LoginTest@1608bcbd]" started-at="2025-05-12T17:26:16 IST" name="tearDown" finished-at="2025-05-12T17:26:17 IST" duration-ms="146" status="PASS">
          <reporter-output>
          </reporter-output>
        </test-method> <!-- tearDown -->
      </class> <!-- testCases.TC002_LoginTest -->
      <class name="testCases.TC001_AccountRegistrationTest">
        <test-method is-config="true" signature="setup(java.lang.String,java.lang.String)[pri:0, instance:testCases.TC001_AccountRegistrationTest@39a2bb97]" started-at="2025-05-12T17:26:06 IST" name="setup" finished-at="2025-05-12T17:26:10 IST" duration-ms="4132" status="PASS">
          <params>
            <param index="0">
              <value>
                <![CDATA[windows]]>
              </value>
            </param>
            <param index="1">
              <value>
                <![CDATA[chrome]]>
              </value>
            </param>
          </params>
          <reporter-output>
          </reporter-output>
        </test-method> <!-- setup -->
        <test-method signature="verify_account_registration()[pri:0, instance:testCases.TC001_AccountRegistrationTest@39a2bb97]" started-at="2025-05-12T17:26:10 IST" name="verify_account_registration" finished-at="2025-05-12T17:26:13 IST" duration-ms="2118" status="PASS">
          <reporter-output>
          </reporter-output>
        </test-method> <!-- verify_account_registration -->
        <test-method is-config="true" signature="tearDown()[pri:0, instance:testCases.TC001_AccountRegistrationTest@39a2bb97]" started-at="2025-05-12T17:26:13 IST" name="tearDown" finished-at="2025-05-12T17:26:13 IST" duration-ms="154" status="PASS">
          <reporter-output>
          </reporter-output>
        </test-method> <!-- tearDown -->
      </class> <!-- testCases.TC001_AccountRegistrationTest -->
    </test> <!-- Test -->
  </suite> <!-- MasterSuite -->
</testng-results>
